$CDSROOT = /incisiv/15.20
$TESTDIR = /home/runner

TOOL:	ncsc	15.20-s038
ncsc C++ parameters: 
	ncsc -COMPILER $CDSROOT/tools/cdsgcc/gcc/4.8/bin/g++ 
	-f ./INCA_libs/irun.lnx86.15.20.nc/ncsc_run/ncsc_obj/ncsc.args
	-MANUAL 
	-CFLAGS "-DNCSC
		-I$CDSROOT/tools/systemc/include_pch
		-I$CDSROOT/tools/tbsc/include
		-I$CDSROOT/tools/vic/include
		-I$CDSROOT/tools/methodology/OVM/CDNS-2.1.2/sc/src
		-I/playground_lib/uvm-1.2/sc/sc
		-I/playground_lib/uvm-1.2/ml/sc
		-I$CDSROOT/tools/systemc/include/cci
		-I$CDSROOT/tools/systemc/include/factory
		-I$CDSROOT/tools/systemc/include/tlm2
		-c
		-x c++ -m32  -Wall 
		-I$CDSROOT/tools/include
		-I$CDSROOT/tools/inca/include"

ncsc: compiling $/playground_lib/uvm-1.2/src/dpi/uvm_dpi.cc
$CDSROOT/tools/include/svdpi_compatibility.h:48:2: warning: #warning "INCISIV is currently compliant with DPI header file svdpi.h as per IEEE 1800-2005. Starting IUS16.10, the default header file will be as per IEEE 1800-2012. DPI applications which need to continue complying with IEEE 1800-2005 will need to compile with the macro DPI_COMPATIBILITY_VERSION_1800v2005 starting in 16.1. The difference in the two header files is in the declaration of the struct t_vpi_vecval." [-Wcpp]
 #warning "INCISIV is currently compliant with DPI header file svdpi.h as per IEEE 1800-2005. Starting IUS16.10, the default header file will be as per IEEE 1800-2012. DPI applications which need to continue complying with IEEE 1800-2005 will need to compile with the macro DPI_COMPATIBILITY_VERSION_1800v2005 starting in 16.1. The difference in the two header files is in the declaration of the struct t_vpi_vecval."
/playground_lib/uvm-1.2/src/dpi/uvm_hdl_inca.c:179:15: warning: variable 'logic_bit' set but not used [-Wunused-but-set-variable]

building library run.so
