  CREATE_STREAM @0.0ns {NAME:v_reset_seq T:Transactions SCOPE:uvm_test_top.env.v_reset_sqr STREAM:9459}
  CREATE_STREAM @0.0ns {NAME:v_reset_seq T:Transactions SCOPE:uvm_test_top.env.r_agt.sqr STREAM:9468}
  CREATE_STREAM @150.0ns {NAME:v_reset_seq T:Transactions SCOPE:uvm_test_top.env.h_agt.sqr STREAM:9998}
  CREATE_STREAM @150.0ns {NAME:v_reset_seq T:Transactions SCOPE:uvm_test_top.env.i_agt[0].sqr STREAM:10007}
  CREATE_STREAM @150.0ns {NAME:v_reset_seq T:Transactions SCOPE:uvm_test_top.env.i_agt[1].sqr STREAM:10016}
  CREATE_STREAM @150.0ns {NAME:v_reset_seq T:Transactions SCOPE:uvm_test_top.env.i_agt[2].sqr STREAM:10025}
  CREATE_STREAM @150.0ns {NAME:v_reset_seq T:Transactions SCOPE:uvm_test_top.env.i_agt[3].sqr STREAM:10034}
  CREATE_STREAM @150.0ns {NAME:v_reset_seq T:Transactions SCOPE:uvm_test_top.env.i_agt[4].sqr STREAM:10043}
  CREATE_STREAM @150.0ns {NAME:v_reset_seq T:Transactions SCOPE:uvm_test_top.env.i_agt[5].sqr STREAM:10052}
  CREATE_STREAM @150.0ns {NAME:v_reset_seq T:Transactions SCOPE:uvm_test_top.env.i_agt[6].sqr STREAM:10061}
  CREATE_STREAM @150.0ns {NAME:v_reset_seq T:Transactions SCOPE:uvm_test_top.env.i_agt[7].sqr STREAM:10070}
  CREATE_STREAM @150.0ns {NAME:v_reset_seq T:Transactions SCOPE:uvm_test_top.env.i_agt[8].sqr STREAM:10079}
  CREATE_STREAM @150.0ns {NAME:v_reset_seq T:Transactions SCOPE:uvm_test_top.env.i_agt[9].sqr STREAM:10088}
  CREATE_STREAM @150.0ns {NAME:v_reset_seq T:Transactions SCOPE:uvm_test_top.env.i_agt[10].sqr STREAM:10097}
  CREATE_STREAM @150.0ns {NAME:v_reset_seq T:Transactions SCOPE:uvm_test_top.env.i_agt[11].sqr STREAM:10106}
  CREATE_STREAM @150.0ns {NAME:v_reset_seq T:Transactions SCOPE:uvm_test_top.env.i_agt[12].sqr STREAM:10115}
  CREATE_STREAM @150.0ns {NAME:v_reset_seq T:Transactions SCOPE:uvm_test_top.env.i_agt[13].sqr STREAM:10124}
  CREATE_STREAM @150.0ns {NAME:v_reset_seq T:Transactions SCOPE:uvm_test_top.env.i_agt[14].sqr STREAM:10133}
  CREATE_STREAM @150.0ns {NAME:v_reset_seq T:Transactions SCOPE:uvm_test_top.env.i_agt[15].sqr STREAM:10142}
  CREATE_STREAM @1750.0ns {NAME:uvm_reg_bit_bash_seq T:Transactions SCOPE:uvm_test_top.env.h_agt.sqr STREAM:10280}
