irun: 15.20-s038: (c) Copyright 1995-2017 Cadence Design Systems, Inc.
TOOL:	irun	15.20-s038: Started on Apr 12, 2018 at 02:01:59 BST
irun
	-Q
	-unbuffered
	-timescale 1ns/1ns
	-sysv
	-access +rw
	design.sv
	testbench.sv
	Top level design units:
		test_fsm
ncelab: *W,DSEMEL: This SystemVerilog design will be simulated as per IEEE 1800-2009 SystemVerilog simulation semantics. Use -disable_sem2009 option for turning off SV 2009 simulation semantics.
Loading snapshot worklib.test_fsm:sv .................... Done
ncsim: *W,DSEM2009: This SystemVerilog design is simulated as per IEEE 1800-2009 SystemVerilog simulation semantics. Use -disable_sem2009 option for turning off SV 2009 simulation semantics.
ncsim> source /incisiv/15.20/tools/inca/files/ncsimrc
ncsim> run
Simulation complete via $finish(1) at time 5025 NS + 5
./testbench.sv:67     $finish();
ncsim> exit
TOOL:	irun	15.20-s038: Exiting on Apr 12, 2018 at 02:02:00 BST  (total: 00:00:01)
